[2023-11-22 16:11:09,745: INFO: main: >>>>>> stage Data Ingestion stage started <<<<<<]
[2023-11-22 16:11:09,746: INFO: common: yaml file: config/config.yaml loaded successfully]
[2023-11-22 16:11:09,747: INFO: common: yaml file: params.yaml loaded successfully]
[2023-11-22 16:11:09,747: INFO: common: created directory at: artifacts]
[2023-11-22 16:11:09,747: INFO: common: created directory at: artifacts/data_ingestion]
[2023-11-22 16:11:09,747: INFO: data_ingestion: Downloading data from https://drive.google.com/file/d/1vlhZ5c7abUKF8xXERIw6m9Te8fW7ohw3/view?usp=sharing into file artifacts/data_ingestion/data.zip]
[2023-11-22 16:11:16,207: INFO: data_ingestion: Downloaded data from https://drive.google.com/file/d/1vlhZ5c7abUKF8xXERIw6m9Te8fW7ohw3/view?usp=sharing into file artifacts/data_ingestion/data.zip]
[2023-11-22 16:11:16,460: INFO: main: >>>>>> stage Data Ingestion stage completed <<<<<<

x==========x]
[2023-11-22 16:39:09,314: INFO: common: yaml file: config/config.yaml loaded successfully]
[2023-11-22 16:39:09,315: INFO: common: yaml file: params.yaml loaded successfully]
[2023-11-22 16:39:09,325: INFO: common: created directory at: artifacts]
[2023-11-22 16:39:09,326: INFO: common: created directory at: artifacts/prepare_base_model]
[2023-11-22 16:39:15,660: WARNING: saving_utils: Compiled the loaded model, but the compiled metrics have yet to be built. `model.compile_metrics` will be empty until you train or evaluate the model.]
[2023-11-22 17:04:02,104: INFO: main: >>>>>> stage Data Ingestion stage started <<<<<<]
[2023-11-22 17:04:02,105: INFO: common: yaml file: config/config.yaml loaded successfully]
[2023-11-22 17:04:02,106: INFO: common: yaml file: params.yaml loaded successfully]
[2023-11-22 17:04:02,106: INFO: common: created directory at: artifacts]
[2023-11-22 17:04:02,106: INFO: common: created directory at: artifacts/data_ingestion]
[2023-11-22 17:04:02,106: INFO: data_ingestion: Downloading data from https://drive.google.com/file/d/1vlhZ5c7abUKF8xXERIw6m9Te8fW7ohw3/view?usp=sharing into file artifacts/data_ingestion/data.zip]
[2023-11-22 17:04:09,230: INFO: data_ingestion: Downloaded data from https://drive.google.com/file/d/1vlhZ5c7abUKF8xXERIw6m9Te8fW7ohw3/view?usp=sharing into file artifacts/data_ingestion/data.zip]
[2023-11-22 17:04:09,511: INFO: main: >>>>>> stage Data Ingestion stage completed <<<<<<

x==========x]
[2023-11-22 17:04:09,512: INFO: main: >>>>>> stage Prepare Base Model started <<<<<<]
[2023-11-22 17:04:09,513: INFO: common: yaml file: config/config.yaml loaded successfully]
[2023-11-22 17:04:09,513: INFO: common: yaml file: params.yaml loaded successfully]
[2023-11-22 17:04:09,514: INFO: common: created directory at: artifacts]
[2023-11-22 17:04:09,514: INFO: common: created directory at: artifacts/prepare_base_model]
[2023-11-22 17:04:09,839: WARNING: saving_utils: Compiled the loaded model, but the compiled metrics have yet to be built. `model.compile_metrics` will be empty until you train or evaluate the model.]
[2023-11-22 17:04:09,969: INFO: main: >>>>>> stage Prepare Base Model completed <<<<<<

x==========x]
